This is pdfTeX, Version 3.14159265-2.6-1.40.19 (TeX Live 2019/dev/Debian) (preloaded format=pdflatex 2019.11.5)  11 NOV 2019 00:26
entering extended mode
 restricted \write18 enabled.
 %&-line parsing enabled.
**report.tex
(./report.tex
LaTeX2e <2018-12-01>
(/usr/share/texlive/texmf-dist/tex/latex/base/article.cls
Document Class: article 2018/09/03 v1.4i Standard LaTeX document class
(/usr/share/texlive/texmf-dist/tex/latex/base/size11.clo
File: size11.clo 2018/09/03 v1.4i Standard LaTeX file (size option)
)
\c@part=\count80
\c@section=\count81
\c@subsection=\count82
\c@subsubsection=\count83
\c@paragraph=\count84
\c@subparagraph=\count85
\c@figure=\count86
\c@table=\count87
\abovecaptionskip=\skip41
\belowcaptionskip=\skip42
\bibindent=\dimen102
)
(/usr/share/texlive/texmf-dist/tex/latex/a4wide/a4wide.sty
Package: a4wide 1994/08/30

(/usr/share/texlive/texmf-dist/tex/latex/ntgclass/a4.sty
Package: a4 2004/04/15 v1.2g A4 based page layout
))
(/usr/share/texlive/texmf-dist/tex/latex/base/inputenc.sty
Package: inputenc 2018/08/11 v1.3c Input encoding file
\inpenc@prehook=\toks14
\inpenc@posthook=\toks15
)
(/usr/share/texlive/texmf-dist/tex/generic/babel/babel.sty
Package: babel 2018/11/13 3.27 The Babel package

(/usr/share/texlive/texmf-dist/tex/generic/babel/switch.def
File: switch.def 2018/11/13 3.27 Babel switching mechanism
)
(/usr/share/texlive/texmf-dist/tex/generic/babel-russian/russianb.ldf
Language: russian 2017/08/12 1.3j Russian support for the Babel system

(/usr/share/texlive/texmf-dist/tex/generic/babel/babel.def
File: babel.def 2018/11/13 3.27 Babel common definitions
\babel@savecnt=\count88
\U@D=\dimen103

(/usr/share/texlive/texmf-dist/tex/generic/babel/txtbabel.def)
\bbl@dirlevel=\count89
)

Package babel Warning: No Cyrillic font encoding has been loaded so far.
(babel)                A font encoding should be declared before babel.
(babel)                Default `T2A' encoding will be loaded  on input line 74.


(/usr/share/texlive/texmf-dist/tex/latex/cyrillic/t2aenc.def
File: t2aenc.def 2005/09/27 v1.0i Cyrillic encoding definition file
Now handling font encoding T2A ...
... processing UTF-8 mapping file for font encoding T2A

(/usr/share/texlive/texmf-dist/tex/latex/base/t2aenc.dfu
File: t2aenc.dfu 2018/10/05 v1.2f UTF-8 support for inputenc
   defining Unicode char U+00A4 (decimal 164)
   defining Unicode char U+00A7 (decimal 167)
   defining Unicode char U+00AB (decimal 171)
   defining Unicode char U+00BB (decimal 187)
   defining Unicode char U+0131 (decimal 305)
   defining Unicode char U+0237 (decimal 567)
   defining Unicode char U+0400 (decimal 1024)
   defining Unicode char U+0401 (decimal 1025)
   defining Unicode char U+0402 (decimal 1026)
   defining Unicode char U+0403 (decimal 1027)
   defining Unicode char U+0404 (decimal 1028)
   defining Unicode char U+0405 (decimal 1029)
   defining Unicode char U+0406 (decimal 1030)
   defining Unicode char U+0407 (decimal 1031)
   defining Unicode char U+0408 (decimal 1032)
   defining Unicode char U+0409 (decimal 1033)
   defining Unicode char U+040A (decimal 1034)
   defining Unicode char U+040B (decimal 1035)
   defining Unicode char U+040C (decimal 1036)
   defining Unicode char U+040D (decimal 1037)
   defining Unicode char U+040E (decimal 1038)
   defining Unicode char U+040F (decimal 1039)
   defining Unicode char U+0410 (decimal 1040)
   defining Unicode char U+0411 (decimal 1041)
   defining Unicode char U+0412 (decimal 1042)
   defining Unicode char U+0413 (decimal 1043)
   defining Unicode char U+0414 (decimal 1044)
   defining Unicode char U+0415 (decimal 1045)
   defining Unicode char U+0416 (decimal 1046)
   defining Unicode char U+0417 (decimal 1047)
   defining Unicode char U+0418 (decimal 1048)
   defining Unicode char U+0419 (decimal 1049)
   defining Unicode char U+041A (decimal 1050)
   defining Unicode char U+041B (decimal 1051)
   defining Unicode char U+041C (decimal 1052)
   defining Unicode char U+041D (decimal 1053)
   defining Unicode char U+041E (decimal 1054)
   defining Unicode char U+041F (decimal 1055)
   defining Unicode char U+0420 (decimal 1056)
   defining Unicode char U+0421 (decimal 1057)
   defining Unicode char U+0422 (decimal 1058)
   defining Unicode char U+0423 (decimal 1059)
   defining Unicode char U+0424 (decimal 1060)
   defining Unicode char U+0425 (decimal 1061)
   defining Unicode char U+0426 (decimal 1062)
   defining Unicode char U+0427 (decimal 1063)
   defining Unicode char U+0428 (decimal 1064)
   defining Unicode char U+0429 (decimal 1065)
   defining Unicode char U+042A (decimal 1066)
   defining Unicode char U+042B (decimal 1067)
   defining Unicode char U+042C (decimal 1068)
   defining Unicode char U+042D (decimal 1069)
   defining Unicode char U+042E (decimal 1070)
   defining Unicode char U+042F (decimal 1071)
   defining Unicode char U+0430 (decimal 1072)
   defining Unicode char U+0431 (decimal 1073)
   defining Unicode char U+0432 (decimal 1074)
   defining Unicode char U+0433 (decimal 1075)
   defining Unicode char U+0434 (decimal 1076)
   defining Unicode char U+0435 (decimal 1077)
   defining Unicode char U+0436 (decimal 1078)
   defining Unicode char U+0437 (decimal 1079)
   defining Unicode char U+0438 (decimal 1080)
   defining Unicode char U+0439 (decimal 1081)
   defining Unicode char U+043A (decimal 1082)
   defining Unicode char U+043B (decimal 1083)
   defining Unicode char U+043C (decimal 1084)
   defining Unicode char U+043D (decimal 1085)
   defining Unicode char U+043E (decimal 1086)
   defining Unicode char U+043F (decimal 1087)
   defining Unicode char U+0440 (decimal 1088)
   defining Unicode char U+0441 (decimal 1089)
   defining Unicode char U+0442 (decimal 1090)
   defining Unicode char U+0443 (decimal 1091)
   defining Unicode char U+0444 (decimal 1092)
   defining Unicode char U+0445 (decimal 1093)
   defining Unicode char U+0446 (decimal 1094)
   defining Unicode char U+0447 (decimal 1095)
   defining Unicode char U+0448 (decimal 1096)
   defining Unicode char U+0449 (decimal 1097)
   defining Unicode char U+044A (decimal 1098)
   defining Unicode char U+044B (decimal 1099)
   defining Unicode char U+044C (decimal 1100)
   defining Unicode char U+044D (decimal 1101)
   defining Unicode char U+044E (decimal 1102)
   defining Unicode char U+044F (decimal 1103)
   defining Unicode char U+0450 (decimal 1104)
   defining Unicode char U+0451 (decimal 1105)
   defining Unicode char U+0452 (decimal 1106)
   defining Unicode char U+0453 (decimal 1107)
   defining Unicode char U+0454 (decimal 1108)
   defining Unicode char U+0455 (decimal 1109)
   defining Unicode char U+0456 (decimal 1110)
   defining Unicode char U+0457 (decimal 1111)
   defining Unicode char U+0458 (decimal 1112)
   defining Unicode char U+0459 (decimal 1113)
   defining Unicode char U+045A (decimal 1114)
   defining Unicode char U+045B (decimal 1115)
   defining Unicode char U+045C (decimal 1116)
   defining Unicode char U+045D (decimal 1117)
   defining Unicode char U+045E (decimal 1118)
   defining Unicode char U+045F (decimal 1119)
   defining Unicode char U+0490 (decimal 1168)
   defining Unicode char U+0491 (decimal 1169)
   defining Unicode char U+0492 (decimal 1170)
   defining Unicode char U+0493 (decimal 1171)
   defining Unicode char U+0496 (decimal 1174)
   defining Unicode char U+0497 (decimal 1175)
   defining Unicode char U+0498 (decimal 1176)
   defining Unicode char U+0499 (decimal 1177)
   defining Unicode char U+049A (decimal 1178)
   defining Unicode char U+049B (decimal 1179)
   defining Unicode char U+049C (decimal 1180)
   defining Unicode char U+049D (decimal 1181)
   defining Unicode char U+04A0 (decimal 1184)
   defining Unicode char U+04A1 (decimal 1185)
   defining Unicode char U+04A2 (decimal 1186)
   defining Unicode char U+04A3 (decimal 1187)
   defining Unicode char U+04A4 (decimal 1188)
   defining Unicode char U+04A5 (decimal 1189)
   defining Unicode char U+04AA (decimal 1194)
   defining Unicode char U+04AB (decimal 1195)
   defining Unicode char U+04AE (decimal 1198)
   defining Unicode char U+04AF (decimal 1199)
   defining Unicode char U+04B0 (decimal 1200)
   defining Unicode char U+04B1 (decimal 1201)
   defining Unicode char U+04B2 (decimal 1202)
   defining Unicode char U+04B3 (decimal 1203)
   defining Unicode char U+04B6 (decimal 1206)
   defining Unicode char U+04B7 (decimal 1207)
   defining Unicode char U+04B8 (decimal 1208)
   defining Unicode char U+04B9 (decimal 1209)
   defining Unicode char U+04BA (decimal 1210)
   defining Unicode char U+04BB (decimal 1211)
   defining Unicode char U+04C0 (decimal 1216)
   defining Unicode char U+04C1 (decimal 1217)
   defining Unicode char U+04C2 (decimal 1218)
   defining Unicode char U+04D0 (decimal 1232)
   defining Unicode char U+04D1 (decimal 1233)
   defining Unicode char U+04D2 (decimal 1234)
   defining Unicode char U+04D3 (decimal 1235)
   defining Unicode char U+04D4 (decimal 1236)
   defining Unicode char U+04D5 (decimal 1237)
   defining Unicode char U+04D6 (decimal 1238)
   defining Unicode char U+04D7 (decimal 1239)
   defining Unicode char U+04D8 (decimal 1240)
   defining Unicode char U+04D9 (decimal 1241)
   defining Unicode char U+04DA (decimal 1242)
   defining Unicode char U+04DB (decimal 1243)
   defining Unicode char U+04DC (decimal 1244)
   defining Unicode char U+04DD (decimal 1245)
   defining Unicode char U+04DE (decimal 1246)
   defining Unicode char U+04DF (decimal 1247)
   defining Unicode char U+04E2 (decimal 1250)
   defining Unicode char U+04E3 (decimal 1251)
   defining Unicode char U+04E4 (decimal 1252)
   defining Unicode char U+04E5 (decimal 1253)
   defining Unicode char U+04E6 (decimal 1254)
   defining Unicode char U+04E7 (decimal 1255)
   defining Unicode char U+04E8 (decimal 1256)
   defining Unicode char U+04E9 (decimal 1257)
   defining Unicode char U+04EC (decimal 1260)
   defining Unicode char U+04ED (decimal 1261)
   defining Unicode char U+04EE (decimal 1262)
   defining Unicode char U+04EF (decimal 1263)
   defining Unicode char U+04F0 (decimal 1264)
   defining Unicode char U+04F1 (decimal 1265)
   defining Unicode char U+04F2 (decimal 1266)
   defining Unicode char U+04F3 (decimal 1267)
   defining Unicode char U+04F4 (decimal 1268)
   defining Unicode char U+04F5 (decimal 1269)
   defining Unicode char U+04F8 (decimal 1272)
   defining Unicode char U+04F9 (decimal 1273)
   defining Unicode char U+200C (decimal 8204)
   defining Unicode char U+2013 (decimal 8211)
   defining Unicode char U+2014 (decimal 8212)
   defining Unicode char U+2018 (decimal 8216)
   defining Unicode char U+2019 (decimal 8217)
   defining Unicode char U+201C (decimal 8220)
   defining Unicode char U+201D (decimal 8221)
   defining Unicode char U+201E (decimal 8222)
   defining Unicode char U+2030 (decimal 8240)
   defining Unicode char U+2031 (decimal 8241)
   defining Unicode char U+2116 (decimal 8470)
   defining Unicode char U+2329 (decimal 9001)
   defining Unicode char U+232A (decimal 9002)
   defining Unicode char U+2423 (decimal 9251)
))
Package babel Info: Making " an active character on input line 120.
Package babel Info: Default for \cyrdash is provided on input line 157.
))
(/usr/share/texlive/texmf-dist/tex/latex/graphics/graphicx.sty
Package: graphicx 2017/06/01 v1.1a Enhanced LaTeX Graphics (DPC,SPQR)

(/usr/share/texlive/texmf-dist/tex/latex/graphics/keyval.sty
Package: keyval 2014/10/28 v1.15 key=value parser (DPC)
\KV@toks@=\toks16
)
(/usr/share/texlive/texmf-dist/tex/latex/graphics/graphics.sty
Package: graphics 2017/06/25 v1.2c Standard LaTeX Graphics (DPC,SPQR)

(/usr/share/texlive/texmf-dist/tex/latex/graphics/trig.sty
Package: trig 2016/01/03 v1.10 sin cos tan (DPC)
)
(/usr/share/texlive/texmf-dist/tex/latex/graphics-cfg/graphics.cfg
File: graphics.cfg 2016/06/04 v1.11 sample graphics configuration
)
Package graphics Info: Driver file: pdftex.def on input line 99.

(/usr/share/texlive/texmf-dist/tex/latex/graphics-def/pdftex.def
File: pdftex.def 2018/01/08 v1.0l Graphics/color driver for pdftex
))
\Gin@req@height=\dimen104
\Gin@req@width=\dimen105
)
(/usr/share/texlive/texmf-dist/tex/latex/tools/indentfirst.sty
Package: indentfirst 1995/11/23 v1.03 Indent first paragraph (DPC)
)
(/usr/share/texlive/texmf-dist/tex/latex/amsmath/amsmath.sty
Package: amsmath 2018/12/01 v2.17b AMS math features
\@mathmargin=\skip43

For additional information on amsmath, use the `?' option.
(/usr/share/texlive/texmf-dist/tex/latex/amsmath/amstext.sty
Package: amstext 2000/06/29 v2.01 AMS text

(/usr/share/texlive/texmf-dist/tex/latex/amsmath/amsgen.sty
File: amsgen.sty 1999/11/30 v2.0 generic functions
\@emptytoks=\toks17
\ex@=\dimen106
))
(/usr/share/texlive/texmf-dist/tex/latex/amsmath/amsbsy.sty
Package: amsbsy 1999/11/29 v1.2d Bold Symbols
\pmbraise@=\dimen107
)
(/usr/share/texlive/texmf-dist/tex/latex/amsmath/amsopn.sty
Package: amsopn 2016/03/08 v2.02 operator names
)
\inf@bad=\count90
LaTeX Info: Redefining \frac on input line 223.
\uproot@=\count91
\leftroot@=\count92
LaTeX Info: Redefining \overline on input line 385.
\classnum@=\count93
\DOTSCASE@=\count94
LaTeX Info: Redefining \ldots on input line 482.
LaTeX Info: Redefining \dots on input line 485.
LaTeX Info: Redefining \cdots on input line 606.
\Mathstrutbox@=\box27
\strutbox@=\box28
\big@size=\dimen108
LaTeX Font Info:    Redeclaring font encoding OML on input line 729.
LaTeX Font Info:    Redeclaring font encoding OMS on input line 730.
\macc@depth=\count95
\c@MaxMatrixCols=\count96
\dotsspace@=\muskip10
\c@parentequation=\count97
\dspbrk@lvl=\count98
\tag@help=\toks18
\row@=\count99
\column@=\count100
\maxfields@=\count101
\andhelp@=\toks19
\eqnshift@=\dimen109
\alignsep@=\dimen110
\tagshift@=\dimen111
\tagwidth@=\dimen112
\totwidth@=\dimen113
\lineht@=\dimen114
\@envbody=\toks20
\multlinegap=\skip44
\multlinetaggap=\skip45
\mathdisplay@stack=\toks21
LaTeX Info: Redefining \[ on input line 2844.
LaTeX Info: Redefining \] on input line 2845.
)
(/usr/share/texlive/texmf-dist/tex/latex/amsfonts/amssymb.sty
Package: amssymb 2013/01/14 v3.01 AMS font symbols

(/usr/share/texlive/texmf-dist/tex/latex/amsfonts/amsfonts.sty
Package: amsfonts 2013/01/14 v3.01 Basic AMSFonts support
\symAMSa=\mathgroup4
\symAMSb=\mathgroup5
LaTeX Font Info:    Overwriting math alphabet `\mathfrak' in version `bold'
(Font)                  U/euf/m/n --> U/euf/b/n on input line 106.
))
(/usr/share/texlive/texmf-dist/tex/latex/amscls/amsthm.sty
Package: amsthm 2017/10/31 v2.20.4
\thm@style=\toks22
\thm@bodyfont=\toks23
\thm@headfont=\toks24
\thm@notefont=\toks25
\thm@headpunct=\toks26
\thm@preskip=\skip46
\thm@postskip=\skip47
\thm@headsep=\skip48
\dth@everypar=\toks27
) (./report.aux
LaTeX Font Info:    Try loading font information for T2A+cmr on input line 3.

(/usr/share/texlive/texmf-dist/tex/latex/cyrillic/t2acmr.fd
File: t2acmr.fd 2001/08/11 v1.0a Computer Modern Cyrillic font definitions
))
\openout1 = `report.aux'.

LaTeX Font Info:    Checking defaults for OML/cmm/m/it on input line 12.
LaTeX Font Info:    ... okay on input line 12.
LaTeX Font Info:    Checking defaults for T1/cmr/m/n on input line 12.
LaTeX Font Info:    ... okay on input line 12.
LaTeX Font Info:    Checking defaults for OT1/cmr/m/n on input line 12.
LaTeX Font Info:    ... okay on input line 12.
LaTeX Font Info:    Checking defaults for OMS/cmsy/m/n on input line 12.
LaTeX Font Info:    ... okay on input line 12.
LaTeX Font Info:    Checking defaults for OMX/cmex/m/n on input line 12.
LaTeX Font Info:    ... okay on input line 12.
LaTeX Font Info:    Checking defaults for U/cmr/m/n on input line 12.
LaTeX Font Info:    ... okay on input line 12.
LaTeX Font Info:    Checking defaults for T2A/cmr/m/n on input line 12.
LaTeX Font Info:    ... okay on input line 12.

(/usr/share/texlive/texmf-dist/tex/context/base/mkii/supp-pdf.mkii
[Loading MPS to PDF converter (version 2006.09.02).]
\scratchcounter=\count102
\scratchdimen=\dimen115
\scratchbox=\box29
\nofMPsegments=\count103
\nofMParguments=\count104
\everyMPshowfont=\toks28
\MPscratchCnt=\count105
\MPscratchDim=\dimen116
\MPnumerator=\count106
\makeMPintoPDFobject=\count107
\everyMPtoPDFconversion=\toks29
) (/usr/share/texlive/texmf-dist/tex/latex/oberdiek/epstopdf-base.sty
Package: epstopdf-base 2016/05/15 v2.6 Base part for package epstopdf

(/usr/share/texlive/texmf-dist/tex/generic/oberdiek/infwarerr.sty
Package: infwarerr 2016/05/16 v1.4 Providing info/warning/error messages (HO)
)
(/usr/share/texlive/texmf-dist/tex/latex/oberdiek/grfext.sty
Package: grfext 2016/05/16 v1.2 Manage graphics extensions (HO)

(/usr/share/texlive/texmf-dist/tex/generic/oberdiek/kvdefinekeys.sty
Package: kvdefinekeys 2016/05/16 v1.4 Define keys (HO)

(/usr/share/texlive/texmf-dist/tex/generic/oberdiek/ltxcmds.sty
Package: ltxcmds 2016/05/16 v1.23 LaTeX kernel commands for general use (HO)
)))
(/usr/share/texlive/texmf-dist/tex/latex/oberdiek/kvoptions.sty
Package: kvoptions 2016/05/16 v3.12 Key value format for package options (HO)

(/usr/share/texlive/texmf-dist/tex/generic/oberdiek/kvsetkeys.sty
Package: kvsetkeys 2016/05/16 v1.17 Key value parser (HO)

(/usr/share/texlive/texmf-dist/tex/generic/oberdiek/etexcmds.sty
Package: etexcmds 2016/05/16 v1.6 Avoid name clashes with e-TeX commands (HO)

(/usr/share/texlive/texmf-dist/tex/generic/oberdiek/ifluatex.sty
Package: ifluatex 2016/05/16 v1.4 Provides the ifluatex switch (HO)
Package ifluatex Info: LuaTeX not detected.
))))
(/usr/share/texlive/texmf-dist/tex/generic/oberdiek/pdftexcmds.sty
Package: pdftexcmds 2018/09/10 v0.29 Utility functions of pdfTeX for LuaTeX (HO
)

(/usr/share/texlive/texmf-dist/tex/generic/oberdiek/ifpdf.sty
Package: ifpdf 2018/09/07 v3.3 Provides the ifpdf switch
)
Package pdftexcmds Info: LuaTeX not detected.
Package pdftexcmds Info: \pdf@primitive is available.
Package pdftexcmds Info: \pdf@ifprimitive is available.
Package pdftexcmds Info: \pdfdraftmode found.
)
Package epstopdf-base Info: Redefining graphics rule for `.eps' on input line 4
38.
Package grfext Info: Graphics extension search list:
(grfext)             [.pdf,.png,.jpg,.mps,.jpeg,.jbig2,.jb2,.PDF,.PNG,.JPG,.JPE
G,.JBIG2,.JB2,.eps]
(grfext)             \AppendGraphicsExtensions on input line 456.

(/usr/share/texlive/texmf-dist/tex/latex/latexconfig/epstopdf-sys.cfg
File: epstopdf-sys.cfg 2010/07/13 v1.3 Configuration of (r)epstopdf for TeX Liv
e
))
Package epstopdf Info: Source file: <msu.eps>
(epstopdf)                    date: 2019-11-05 21:23:12
(epstopdf)                    size: 29500 bytes
(epstopdf)             Output file: <msu-eps-converted-to.pdf>
(epstopdf)                    date: 2019-11-08 19:08:17
(epstopdf)                    size: 5465 bytes
(epstopdf)             Command: <repstopdf --outfile=msu-eps-converted-to.pdf m
su.eps>
(epstopdf)             \includegraphics on input line 19.
Package epstopdf Info: Output file is already uptodate.
<msu-eps-converted-to.pdf, id=1, 187.70125pt x 101.37875pt>
File: msu-eps-converted-to.pdf Graphic file (type pdf)
<use msu-eps-converted-to.pdf>
Package pdftex.def Info: msu-eps-converted-to.pdf  used on input line 19.
(pdftex.def)             Requested size: 221.32687pt x 119.54852pt.

[1

{/var/lib/texmf/fonts/map/pdftex/updmap/pdftex.map} <./msu-eps-converted-to.pdf
>]
LaTeX Font Info:    Try loading font information for U+msa on input line 57.
 (/usr/share/texlive/texmf-dist/tex/latex/amsfonts/umsa.fd
File: umsa.fd 2013/01/14 v3.01 AMS symbols A
)
LaTeX Font Info:    Try loading font information for U+msb on input line 57.

(/usr/share/texlive/texmf-dist/tex/latex/amsfonts/umsb.fd
File: umsb.fd 2013/01/14 v3.01 AMS symbols B
)
LaTeX Font Info:    Try loading font information for OMS+cmr on input line 63.

(/usr/share/texlive/texmf-dist/tex/latex/base/omscmr.fd
File: omscmr.fd 2014/09/29 v2.5h Standard LaTeX font definitions
)
LaTeX Font Info:    Font shape `OMS/cmr/m/n' in size <10.95> not available
(Font)              Font shape `OMS/cmsy/m/n' tried instead on input line 63.
 [2] [3]
Underfull \hbox (badness 10000) in paragraph at lines 125--125
[]\T2A/cmr/m/n/10.95 функция под
 []


Underfull \hbox (badness 10000) in paragraph at lines 125--125
[]\T2A/cmr/m/n/10.95 функция под
 []


Underfull \hbox (badness 10000) in paragraph at lines 125--125
[]\T2A/cmr/m/n/10.95 функция под
 []


Underfull \hbox (badness 10000) in paragraph at lines 125--125
[]\T2A/cmr/m/n/10.95 функция под
 []

[4]
Package epstopdf Info: Source file: <gr1_2.eps>
(epstopdf)                    date: 2019-11-10 17:40:18
(epstopdf)                    size: 38961 bytes
(epstopdf)             Output file: <gr1_2-eps-converted-to.pdf>
(epstopdf)                    date: 2019-11-10 17:40:37
(epstopdf)                    size: 22591 bytes
(epstopdf)             Command: <repstopdf --outfile=gr1_2-eps-converted-to.pdf
 gr1_2.eps>
(epstopdf)             \includegraphics on input line 164.
Package epstopdf Info: Output file is already uptodate.
<gr1_2-eps-converted-to.pdf, id=38, 421.575pt x 316.18124pt>
File: gr1_2-eps-converted-to.pdf Graphic file (type pdf)
<use gr1_2-eps-converted-to.pdf>
Package pdftex.def Info: gr1_2-eps-converted-to.pdf  used on input line 164.
(pdftex.def)             Requested size: 442.65375pt x 331.99527pt.

Overfull \hbox (27.37506pt too wide) in paragraph at lines 164--165
[][] 
 []

Package epstopdf Info: Source file: <gr1.eps>
(epstopdf)                    date: 2019-11-10 17:40:32
(epstopdf)                    size: 38961 bytes
(epstopdf)             Output file: <gr1-eps-converted-to.pdf>
(epstopdf)                    date: 2019-11-10 17:40:37
(epstopdf)                    size: 22566 bytes
(epstopdf)             Command: <repstopdf --outfile=gr1-eps-converted-to.pdf g
r1.eps>
(epstopdf)             \includegraphics on input line 172.
Package epstopdf Info: Output file is already uptodate.
<gr1-eps-converted-to.pdf, id=39, 421.575pt x 316.18124pt>
File: gr1-eps-converted-to.pdf Graphic file (type pdf)
<use gr1-eps-converted-to.pdf>
Package pdftex.def Info: gr1-eps-converted-to.pdf  used on input line 172.
(pdftex.def)             Requested size: 442.65375pt x 331.99527pt.

Overfull \hbox (27.37506pt too wide) in paragraph at lines 172--173
[][] 
 []

[5 <./gr1_2-eps-converted-to.pdf>] [6 <./gr1-eps-converted-to.pdf>]
Package epstopdf Info: Source file: <gr2_1.eps>
(epstopdf)                    date: 2019-11-10 17:43:06
(epstopdf)                    size: 77102 bytes
(epstopdf)             Output file: <gr2_1-eps-converted-to.pdf>
(epstopdf)                    date: 2019-11-10 17:43:27
(epstopdf)                    size: 29653 bytes
(epstopdf)             Command: <repstopdf --outfile=gr2_1-eps-converted-to.pdf
 gr2_1.eps>
(epstopdf)             \includegraphics on input line 182.
Package epstopdf Info: Output file is already uptodate.
<gr2_1-eps-converted-to.pdf, id=57, 421.575pt x 316.18124pt>
File: gr2_1-eps-converted-to.pdf Graphic file (type pdf)
<use gr2_1-eps-converted-to.pdf>
Package pdftex.def Info: gr2_1-eps-converted-to.pdf  used on input line 182.
(pdftex.def)             Requested size: 442.65375pt x 331.99527pt.

Overfull \hbox (27.37506pt too wide) in paragraph at lines 182--183
[][] 
 []

Package epstopdf Info: Source file: <gr2_2.eps>
(epstopdf)                    date: 2019-11-10 17:46:33
(epstopdf)                    size: 36992 bytes
(epstopdf)             Output file: <gr2_2-eps-converted-to.pdf>
(epstopdf)                    date: 2019-11-10 17:46:58
(epstopdf)                    size: 22449 bytes
(epstopdf)             Command: <repstopdf --outfile=gr2_2-eps-converted-to.pdf
 gr2_2.eps>
(epstopdf)             \includegraphics on input line 190.
Package epstopdf Info: Output file is already uptodate.
<gr2_2-eps-converted-to.pdf, id=58, 421.575pt x 316.18124pt>
File: gr2_2-eps-converted-to.pdf Graphic file (type pdf)
<use gr2_2-eps-converted-to.pdf>
Package pdftex.def Info: gr2_2-eps-converted-to.pdf  used on input line 190.
(pdftex.def)             Requested size: 442.65375pt x 331.99527pt.

Overfull \hbox (27.37506pt too wide) in paragraph at lines 190--191
[][] 
 []

[7 <./gr2_1-eps-converted-to.pdf>] [8 <./gr2_2-eps-converted-to.pdf>]
Package epstopdf Info: Source file: <gr3_1.eps>
(epstopdf)                    date: 2019-11-10 17:53:59
(epstopdf)                    size: 28297 bytes
(epstopdf)             Output file: <gr3_1-eps-converted-to.pdf>
(epstopdf)                    date: 2019-11-10 18:03:36
(epstopdf)                    size: 15223 bytes
(epstopdf)             Command: <repstopdf --outfile=gr3_1-eps-converted-to.pdf
 gr3_1.eps>
(epstopdf)             \includegraphics on input line 201.
Package epstopdf Info: Output file is already uptodate.
<gr3_1-eps-converted-to.pdf, id=76, 421.575pt x 316.18124pt>
File: gr3_1-eps-converted-to.pdf Graphic file (type pdf)
<use gr3_1-eps-converted-to.pdf>
Package pdftex.def Info: gr3_1-eps-converted-to.pdf  used on input line 201.
(pdftex.def)             Requested size: 442.65375pt x 331.99527pt.

Overfull \hbox (27.37506pt too wide) in paragraph at lines 201--202
[][] 
 []

Package epstopdf Info: Source file: <gr3_2.eps>
(epstopdf)                    date: 2019-11-10 18:04:53
(epstopdf)                    size: 28285 bytes
(epstopdf)             Output file: <gr3_2-eps-converted-to.pdf>
(epstopdf)                    date: 2019-11-10 18:05:18
(epstopdf)                    size: 15582 bytes
(epstopdf)             Command: <repstopdf --outfile=gr3_2-eps-converted-to.pdf
 gr3_2.eps>
(epstopdf)             \includegraphics on input line 207.
Package epstopdf Info: Output file is already uptodate.
<gr3_2-eps-converted-to.pdf, id=77, 421.575pt x 316.18124pt>
File: gr3_2-eps-converted-to.pdf Graphic file (type pdf)
<use gr3_2-eps-converted-to.pdf>
Package pdftex.def Info: gr3_2-eps-converted-to.pdf  used on input line 207.
(pdftex.def)             Requested size: 442.65375pt x 331.99527pt.

Overfull \hbox (27.37506pt too wide) in paragraph at lines 207--208
[][] 
 []

[9 <./gr3_1-eps-converted-to.pdf>] [10 <./gr3_2-eps-converted-to.pdf>]
Package epstopdf Info: Source file: <gr4_1.eps>
(epstopdf)                    date: 2019-11-10 23:49:36
(epstopdf)                    size: 27634 bytes
(epstopdf)             Output file: <gr4_1-eps-converted-to.pdf>
(epstopdf)                    date: 2019-11-10 23:50:05
(epstopdf)                    size: 14810 bytes
(epstopdf)             Command: <repstopdf --outfile=gr4_1-eps-converted-to.pdf
 gr4_1.eps>
(epstopdf)             \includegraphics on input line 217.
Package epstopdf Info: Output file is already uptodate.
<gr4_1-eps-converted-to.pdf, id=94, 421.575pt x 316.18124pt>
File: gr4_1-eps-converted-to.pdf Graphic file (type pdf)
<use gr4_1-eps-converted-to.pdf>
Package pdftex.def Info: gr4_1-eps-converted-to.pdf  used on input line 217.
(pdftex.def)             Requested size: 442.65375pt x 331.99527pt.

Overfull \hbox (27.37506pt too wide) in paragraph at lines 217--218
[][] 
 []

Package epstopdf Info: Source file: <gr4_2.eps>
(epstopdf)                    date: 2019-11-10 23:51:19
(epstopdf)                    size: 28257 bytes
(epstopdf)             Output file: <gr4_2-eps-converted-to.pdf>
(epstopdf)                    date: 2019-11-10 23:52:03
(epstopdf)                    size: 14897 bytes
(epstopdf)             Command: <repstopdf --outfile=gr4_2-eps-converted-to.pdf
 gr4_2.eps>
(epstopdf)             \includegraphics on input line 222.
Package epstopdf Info: Output file is already uptodate.
<gr4_2-eps-converted-to.pdf, id=95, 421.575pt x 316.18124pt>
File: gr4_2-eps-converted-to.pdf Graphic file (type pdf)
<use gr4_2-eps-converted-to.pdf>
Package pdftex.def Info: gr4_2-eps-converted-to.pdf  used on input line 222.
(pdftex.def)             Requested size: 442.65375pt x 331.99527pt.

Overfull \hbox (27.37506pt too wide) in paragraph at lines 222--223
[][] 
 []

[11 <./gr4_1-eps-converted-to.pdf>] [12 <./gr4_2-eps-converted-to.pdf>]
Package epstopdf Info: Source file: <aliasing1.eps>
(epstopdf)                    date: 2019-11-11 00:03:38
(epstopdf)                    size: 122922 bytes
(epstopdf)             Output file: <aliasing1-eps-converted-to.pdf>
(epstopdf)                    date: 2019-11-11 00:05:45
(epstopdf)                    size: 29998 bytes
(epstopdf)             Command: <repstopdf --outfile=aliasing1-eps-converted-to
.pdf aliasing1.eps>
(epstopdf)             \includegraphics on input line 236.
Package epstopdf Info: Output file is already uptodate.
<aliasing1-eps-converted-to.pdf, id=112, 522.95375pt x 319.1925pt>
File: aliasing1-eps-converted-to.pdf Graphic file (type pdf)
<use aliasing1-eps-converted-to.pdf>
Package pdftex.def Info: aliasing1-eps-converted-to.pdf  used on input line 236
.
(pdftex.def)             Requested size: 442.65375pt x 270.18494pt.

Overfull \hbox (17.0pt too wide) in paragraph at lines 236--237
[][] 
 []

Package epstopdf Info: Source file: <aliasing2.eps>
(epstopdf)                    date: 2019-11-11 00:07:34
(epstopdf)                    size: 114015 bytes
(epstopdf)             Output file: <aliasing2-eps-converted-to.pdf>
(epstopdf)                    date: 2019-11-11 00:07:37
(epstopdf)                    size: 33619 bytes
(epstopdf)             Command: <repstopdf --outfile=aliasing2-eps-converted-to
.pdf aliasing2.eps>
(epstopdf)             \includegraphics on input line 241.
Package epstopdf Info: Output file is already uptodate.
<aliasing2-eps-converted-to.pdf, id=113, 518.93875pt x 277.035pt>
File: aliasing2-eps-converted-to.pdf Graphic file (type pdf)
<use aliasing2-eps-converted-to.pdf>
Package pdftex.def Info: aliasing2-eps-converted-to.pdf  used on input line 241
.
(pdftex.def)             Requested size: 442.65375pt x 236.32207pt.

Overfull \hbox (17.0pt too wide) in paragraph at lines 241--242
[][] 
 []

[13 <./aliasing1-eps-converted-to.pdf> <./aliasing2-eps-converted-to.pdf>]
Package epstopdf Info: Source file: <ripple_1.eps>
(epstopdf)                    date: 2019-11-11 00:16:05
(epstopdf)                    size: 40763 bytes
(epstopdf)             Output file: <ripple_1-eps-converted-to.pdf>
(epstopdf)                    date: 2019-11-11 00:16:31
(epstopdf)                    size: 22904 bytes
(epstopdf)             Command: <repstopdf --outfile=ripple_1-eps-converted-to.
pdf ripple_1.eps>
(epstopdf)             \includegraphics on input line 253.
Package epstopdf Info: Output file is already uptodate.
<ripple_1-eps-converted-to.pdf, id=128, 421.575pt x 316.18124pt>
File: ripple_1-eps-converted-to.pdf Graphic file (type pdf)
<use ripple_1-eps-converted-to.pdf>
Package pdftex.def Info: ripple_1-eps-converted-to.pdf  used on input line 253.

(pdftex.def)             Requested size: 442.65375pt x 331.99527pt.

Overfull \hbox (17.0pt too wide) in paragraph at lines 253--254
[][] 
 []

Package epstopdf Info: Source file: <ripple_2.eps>
(epstopdf)                    date: 2019-11-11 00:23:07
(epstopdf)                    size: 98429 bytes
(epstopdf)             Output file: <ripple_2-eps-converted-to.pdf>
(epstopdf)                    date: 2019-11-11 00:23:30
(epstopdf)                    size: 33568 bytes
(epstopdf)             Command: <repstopdf --outfile=ripple_2-eps-converted-to.
pdf ripple_2.eps>
(epstopdf)             \includegraphics on input line 258.
Package epstopdf Info: Output file is already uptodate.
<ripple_2-eps-converted-to.pdf, id=129, 421.575pt x 316.18124pt>
File: ripple_2-eps-converted-to.pdf Graphic file (type pdf)
<use ripple_2-eps-converted-to.pdf>
Package pdftex.def Info: ripple_2-eps-converted-to.pdf  used on input line 258.

(pdftex.def)             Requested size: 442.65375pt x 331.99527pt.

Overfull \hbox (17.0pt too wide) in paragraph at lines 258--259
[][] 
 []

[14 <./ripple_1-eps-converted-to.pdf>] [15 <./ripple_2-eps-converted-to.pdf>]
(./report.aux) ) 
Here is how much of TeX's memory you used:
 3703 strings out of 492615
 48212 string characters out of 6131390
 122857 words of memory out of 5000000
 7519 multiletter control sequences out of 15000+600000
 18735 words of font info for 47 fonts, out of 8000000 for 9000
 1141 hyphenation exceptions out of 8191
 41i,13n,27p,723b,256s stack positions out of 5000i,500n,10000p,200000b,80000s
{/usr/share/texmf/fonts/enc/dvips/cm-super/cm-super-t2a.enc}</u
sr/share/texlive/texmf-dist/fonts/type1/public/amsfonts/cm/cmex10.pfb></usr/sha
re/texlive/texmf-dist/fonts/type1/public/amsfonts/cm/cmmi10.pfb></usr/share/tex
live/texmf-dist/fonts/type1/public/amsfonts/cm/cmmi6.pfb></usr/share/texlive/te
xmf-dist/fonts/type1/public/amsfonts/cm/cmmi8.pfb></usr/share/texlive/texmf-dis
t/fonts/type1/public/amsfonts/cm/cmr10.pfb></usr/share/texlive/texmf-dist/fonts
/type1/public/amsfonts/cm/cmr6.pfb></usr/share/texlive/texmf-dist/fonts/type1/p
ublic/amsfonts/cm/cmr8.pfb></usr/share/texlive/texmf-dist/fonts/type1/public/am
sfonts/cm/cmsy10.pfb></usr/share/texlive/texmf-dist/fonts/type1/public/amsfonts
/cm/cmsy6.pfb></usr/share/texlive/texmf-dist/fonts/type1/public/amsfonts/cm/cms
y8.pfb></usr/share/texlive/texmf-dist/fonts/type1/public/amsfonts/symbols/msbm1
0.pfb></usr/share/texmf/fonts/type1/public/cm-super/sfbx1440.pfb></usr/share/te
xmf/fonts/type1/public/cm-super/sfbx2488.pfb></usr/share/texmf/fonts/type1/publ
ic/cm-super/sfcc1095.pfb></usr/share/texmf/fonts/type1/public/cm-super/sfrm1095
.pfb></usr/share/texmf/fonts/type1/public/cm-super/sfrm1200.pfb></usr/share/tex
mf/fonts/type1/public/cm-super/sfrm1728.pfb></usr/share/texmf/fonts/type1/publi
c/cm-super/sfti1095.pfb></usr/share/texmf/fonts/type1/public/cm-super/sfti1200.
pfb>
Output written on report.pdf (15 pages, 490823 bytes).
PDF statistics:
 208 PDF objects out of 1000 (max. 8388607)
 143 compressed objects within 2 object streams
 0 named destinations out of 1000 (max. 500000)
 66 words of extra memory for PDF output out of 10000 (max. 10000000)

